<?xml version="1.0" encoding="UTF-8"?>
<!-- Generated by org.testng.reporters.JUnitReportReporter -->
<testsuite hostname="DESKTOP-MQGH1SP" failures="0" tests="1" name="stepDefinition.lunchChrome" time="4.115" errors="0" timestamp="2024-03-02T16:24:11 IST" skipped="0">
  <testcase classname="stepDefinition.lunchChrome" name="clickRegisterHere" time="4.115"/>
</testsuite> <!-- stepDefinition.lunchChrome -->
