<?xml version="1.0" encoding="UTF-8"?>
<!-- Generated by org.testng.reporters.JUnitReportReporter -->
<testsuite hostname="DESKTOP-MQGH1SP" failures="0" tests="3" name="vmmaps.LaunchApplication" time="1.223" errors="0" timestamp="2024-03-02T18:54:19 IST" skipped="0">
  <testcase classname="vmmaps.LaunchApplication" name="enterEmail" time="0.448"/>
  <testcase classname="vmmaps.LaunchApplication" name="clickLogin" time="0.453"/>
  <testcase classname="vmmaps.LaunchApplication" name="enterPassword" time="0.322"/>
</testsuite> <!-- vmmaps.LaunchApplication -->
