<?xml version="1.0" encoding="UTF-8"?>
<!-- Generated by org.testng.reporters.JUnitReportReporter -->
<testsuite hostname="DESKTOP-MQGH1SP" failures="0" tests="2" name="vmmaps.ForgotPassword" time="0.345" errors="0" timestamp="2024-03-03T10:11:32 IST" skipped="0">
  <testcase classname="vmmaps.ForgotPassword" name="enterEmail" time="0.262"/>
  <testcase classname="vmmaps.ForgotPassword" name="clickForgotPassword" time="0.083"/>
</testsuite> <!-- vmmaps.ForgotPassword -->
